Traceback (most recent call last):
  File "C:\Users\jonsh\AppData\Local\Packages\PythonSoftwareFoundation.Python.3.9_qbz5n2kfra8p0\LocalCache\local-packages\Python39\site-packages\jupyter_cache\executors\utils.py", line 51, in single_nb_execution
    executenb(
  File "C:\Users\jonsh\AppData\Local\Packages\PythonSoftwareFoundation.Python.3.9_qbz5n2kfra8p0\LocalCache\local-packages\Python39\site-packages\nbclient\client.py", line 1204, in execute
    return NotebookClient(nb=nb, resources=resources, km=km, **kwargs).execute()
  File "C:\Users\jonsh\AppData\Local\Packages\PythonSoftwareFoundation.Python.3.9_qbz5n2kfra8p0\LocalCache\local-packages\Python39\site-packages\nbclient\util.py", line 84, in wrapped
    return just_run(coro(*args, **kwargs))
  File "C:\Users\jonsh\AppData\Local\Packages\PythonSoftwareFoundation.Python.3.9_qbz5n2kfra8p0\LocalCache\local-packages\Python39\site-packages\nbclient\util.py", line 62, in just_run
    return loop.run_until_complete(coro)
  File "C:\Program Files\WindowsApps\PythonSoftwareFoundation.Python.3.9_3.9.3568.0_x64__qbz5n2kfra8p0\lib\asyncio\base_events.py", line 647, in run_until_complete
    return future.result()
  File "C:\Users\jonsh\AppData\Local\Packages\PythonSoftwareFoundation.Python.3.9_qbz5n2kfra8p0\LocalCache\local-packages\Python39\site-packages\nbclient\client.py", line 663, in async_execute
    await self.async_execute_cell(
  File "C:\Users\jonsh\AppData\Local\Packages\PythonSoftwareFoundation.Python.3.9_qbz5n2kfra8p0\LocalCache\local-packages\Python39\site-packages\nbclient\client.py", line 965, in async_execute_cell
    await self._check_raise_for_error(cell, cell_index, exec_reply)
  File "C:\Users\jonsh\AppData\Local\Packages\PythonSoftwareFoundation.Python.3.9_qbz5n2kfra8p0\LocalCache\local-packages\Python39\site-packages\nbclient\client.py", line 862, in _check_raise_for_error
    raise CellExecutionError.from_cell_and_msg(cell, exec_reply_content)
nbclient.exceptions.CellExecutionError: An error occurred while executing the following cell:
------------------
import numpy as np
import matplotlib.pyplot as plt
from myst_nb import glue
plt.rcParams['text.usetex'] = True

# Consistent system
x = np.linspace(0, 4, 200)
y2 = 3 - x
y1 = -1 + x

fig, ax = plt.subplots(figsize=(8, 6))
plt.plot(x, y1, label="$x_1 + x_2 = 3$", fontsize=12)
plt.plot(x, y2, label="$x_1 - x_2 = 1$")
plt.plot(2, 1, "ko")
plt.axis([0, 4, 0, 4])
plt.xlabel("$x_1$", fontsize=16)
plt.ylabel("$x_2$", fontsize=16)
plt.legend(fontsize=14)
plt.show()

glue("consistent_system_plot", fig, display=False)

# Inonsistent system
y1 = x + 1
y2 = x - 1

fig, ax = plt.subplots(figsize=(8, 6))
plt.plot(x, y1, label="$x_1 - x_2 = -1$")
plt.plot(x, y2, label="$x_1 - x_2 = 1$")
plt.axis([0, 4, 0, 4])
plt.xlabel("$x_1$", fontsize=16)
plt.ylabel("$x_2$", fontsize=16)
plt.legend(fontsize=14)
plt.show()

glue("inconsistent_system_plot", fig, display=False)

# indeterminate system
y1 = x + 1
y2 = (2 * x + 2) / 2

fig, ax = plt.subplots(figsize=(8, 6))
plt.plot(x, y1, label="$x_1 - x_2 = 1$")
plt.plot(x, y2, label="$2x_1 - 2x_2 = 2$")
plt.axis([0, 4, 0, 4])
plt.xlabel("$x_1$", fontsize=16)
plt.ylabel("$x_2$", fontsize=16)
plt.legend(fontsize=14)
plt.show()

glue("indeterminate_system_plot", fig, display=False)
------------------

[1;31m---------------------------------------------------------------------------[0m
[1;31mAttributeError[0m                            Traceback (most recent call last)
Cell [1;32mIn [2], line 12[0m
[0;32m      9[0m y1 [38;5;241m=[39m [38;5;241m-[39m[38;5;241m1[39m [38;5;241m+[39m x
[0;32m     11[0m fig, ax [38;5;241m=[39m plt[38;5;241m.[39msubplots(figsize[38;5;241m=[39m([38;5;241m8[39m, [38;5;241m6[39m))
[1;32m---> 12[0m [43mplt[49m[38;5;241;43m.[39;49m[43mplot[49m[43m([49m[43mx[49m[43m,[49m[43m [49m[43my1[49m[43m,[49m[43m [49m[43mlabel[49m[38;5;241;43m=[39;49m[38;5;124;43m"[39;49m[38;5;124;43m$x_1 + x_2 = 3$[39;49m[38;5;124;43m"[39;49m[43m,[49m[43m [49m[43mfontsize[49m[38;5;241;43m=[39;49m[38;5;241;43m12[39;49m[43m)[49m
[0;32m     13[0m plt[38;5;241m.[39mplot(x, y2, label[38;5;241m=[39m[38;5;124m"[39m[38;5;124m$x_1 - x_2 = 1$[39m[38;5;124m"[39m)
[0;32m     14[0m plt[38;5;241m.[39mplot([38;5;241m2[39m, [38;5;241m1[39m, [38;5;124m"[39m[38;5;124mko[39m[38;5;124m"[39m)

File [1;32m~\AppData\Local\Packages\PythonSoftwareFoundation.Python.3.9_qbz5n2kfra8p0\LocalCache\local-packages\Python39\site-packages\matplotlib\pyplot.py:2730[0m, in [0;36mplot[1;34m(scalex, scaley, data, *args, **kwargs)[0m
[0;32m   2728[0m [38;5;129m@_copy_docstring_and_deprecators[39m(Axes[38;5;241m.[39mplot)
[0;32m   2729[0m [38;5;28;01mdef[39;00m [38;5;21mplot[39m([38;5;241m*[39margs, scalex[38;5;241m=[39m[38;5;28;01mTrue[39;00m, scaley[38;5;241m=[39m[38;5;28;01mTrue[39;00m, data[38;5;241m=[39m[38;5;28;01mNone[39;00m, [38;5;241m*[39m[38;5;241m*[39mkwargs):
[1;32m-> 2730[0m     [38;5;28;01mreturn[39;00m gca()[38;5;241m.[39mplot(
[0;32m   2731[0m         [38;5;241m*[39margs, scalex[38;5;241m=[39mscalex, scaley[38;5;241m=[39mscaley,
[0;32m   2732[0m         [38;5;241m*[39m[38;5;241m*[39m({[38;5;124m"[39m[38;5;124mdata[39m[38;5;124m"[39m: data} [38;5;28;01mif[39;00m data [38;5;129;01mis[39;00m [38;5;129;01mnot[39;00m [38;5;28;01mNone[39;00m [38;5;28;01melse[39;00m {}), [38;5;241m*[39m[38;5;241m*[39mkwargs)

File [1;32m~\AppData\Local\Packages\PythonSoftwareFoundation.Python.3.9_qbz5n2kfra8p0\LocalCache\local-packages\Python39\site-packages\matplotlib\axes\_axes.py:1662[0m, in [0;36mAxes.plot[1;34m(self, scalex, scaley, data, *args, **kwargs)[0m
[0;32m   1419[0m [38;5;124;03m"""[39;00m
[0;32m   1420[0m [38;5;124;03mPlot y versus x as lines and/or markers.[39;00m
[0;32m   1421[0m 
[1;32m   (...)[0m
[0;32m   1659[0m [38;5;124;03m(``'green'``) or hex strings (``'#008000'``).[39;00m
[0;32m   1660[0m [38;5;124;03m"""[39;00m
[0;32m   1661[0m kwargs [38;5;241m=[39m cbook[38;5;241m.[39mnormalize_kwargs(kwargs, mlines[38;5;241m.[39mLine2D)
[1;32m-> 1662[0m lines [38;5;241m=[39m [[38;5;241m*[39m[38;5;28mself[39m[38;5;241m.[39m_get_lines([38;5;241m*[39margs, data[38;5;241m=[39mdata, [38;5;241m*[39m[38;5;241m*[39mkwargs)]
[0;32m   1663[0m [38;5;28;01mfor[39;00m line [38;5;129;01min[39;00m lines:
[0;32m   1664[0m     [38;5;28mself[39m[38;5;241m.[39madd_line(line)

File [1;32m~\AppData\Local\Packages\PythonSoftwareFoundation.Python.3.9_qbz5n2kfra8p0\LocalCache\local-packages\Python39\site-packages\matplotlib\axes\_base.py:311[0m, in [0;36m_process_plot_var_args.__call__[1;34m(self, data, *args, **kwargs)[0m
[0;32m    309[0m     this [38;5;241m+[39m[38;5;241m=[39m args[[38;5;241m0[39m],
[0;32m    310[0m     args [38;5;241m=[39m args[[38;5;241m1[39m:]
[1;32m--> 311[0m [38;5;28;01myield from[39;00m [38;5;28;43mself[39;49m[38;5;241;43m.[39;49m[43m_plot_args[49m[43m([49m
[0;32m    312[0m [43m    [49m[43mthis[49m[43m,[49m[43m [49m[43mkwargs[49m[43m,[49m[43m [49m[43mambiguous_fmt_datakey[49m[38;5;241;43m=[39;49m[43mambiguous_fmt_datakey[49m[43m)[49m

File [1;32m~\AppData\Local\Packages\PythonSoftwareFoundation.Python.3.9_qbz5n2kfra8p0\LocalCache\local-packages\Python39\site-packages\matplotlib\axes\_base.py:544[0m, in [0;36m_process_plot_var_args._plot_args[1;34m(self, tup, kwargs, return_kwargs, ambiguous_fmt_datakey)[0m
[0;32m    542[0m     [38;5;28;01mreturn[39;00m [38;5;28mlist[39m(result)
[0;32m    543[0m [38;5;28;01melse[39;00m:
[1;32m--> 544[0m     [38;5;28;01mreturn[39;00m [l[[38;5;241m0[39m] [38;5;28;01mfor[39;00m l [38;5;129;01min[39;00m result]

File [1;32m~\AppData\Local\Packages\PythonSoftwareFoundation.Python.3.9_qbz5n2kfra8p0\LocalCache\local-packages\Python39\site-packages\matplotlib\axes\_base.py:544[0m, in [0;36m<listcomp>[1;34m(.0)[0m
[0;32m    542[0m     [38;5;28;01mreturn[39;00m [38;5;28mlist[39m(result)
[0;32m    543[0m [38;5;28;01melse[39;00m:
[1;32m--> 544[0m     [38;5;28;01mreturn[39;00m [l[[38;5;241m0[39m] [38;5;28;01mfor[39;00m l [38;5;129;01min[39;00m result]

File [1;32m~\AppData\Local\Packages\PythonSoftwareFoundation.Python.3.9_qbz5n2kfra8p0\LocalCache\local-packages\Python39\site-packages\matplotlib\axes\_base.py:537[0m, in [0;36m<genexpr>[1;34m(.0)[0m
[0;32m    534[0m [38;5;28;01melse[39;00m:
[0;32m    535[0m     labels [38;5;241m=[39m [label] [38;5;241m*[39m n_datasets
[1;32m--> 537[0m result [38;5;241m=[39m ([43mmake_artist[49m[43m([49m[43mx[49m[43m[[49m[43m:[49m[43m,[49m[43m [49m[43mj[49m[43m [49m[38;5;241;43m%[39;49m[43m [49m[43mncx[49m[43m][49m[43m,[49m[43m [49m[43my[49m[43m[[49m[43m:[49m[43m,[49m[43m [49m[43mj[49m[43m [49m[38;5;241;43m%[39;49m[43m [49m[43mncy[49m[43m][49m[43m,[49m[43m [49m[43mkw[49m[43m,[49m
[0;32m    538[0m [43m                      [49m[43m{[49m[38;5;241;43m*[39;49m[38;5;241;43m*[39;49m[43mkwargs[49m[43m,[49m[43m [49m[38;5;124;43m'[39;49m[38;5;124;43mlabel[39;49m[38;5;124;43m'[39;49m[43m:[49m[43m [49m[43mlabel[49m[43m}[49m[43m)[49m
[0;32m    539[0m           [38;5;28;01mfor[39;00m j, label [38;5;129;01min[39;00m [38;5;28menumerate[39m(labels))
[0;32m    541[0m [38;5;28;01mif[39;00m return_kwargs:
[0;32m    542[0m     [38;5;28;01mreturn[39;00m [38;5;28mlist[39m(result)

File [1;32m~\AppData\Local\Packages\PythonSoftwareFoundation.Python.3.9_qbz5n2kfra8p0\LocalCache\local-packages\Python39\site-packages\matplotlib\axes\_base.py:351[0m, in [0;36m_process_plot_var_args._makeline[1;34m(self, x, y, kw, kwargs)[0m
[0;32m    349[0m default_dict [38;5;241m=[39m [38;5;28mself[39m[38;5;241m.[39m_getdefaults([38;5;28mset[39m(), kw)
[0;32m    350[0m [38;5;28mself[39m[38;5;241m.[39m_setdefaults(default_dict, kw)
[1;32m--> 351[0m seg [38;5;241m=[39m mlines[38;5;241m.[39mLine2D(x, y, [38;5;241m*[39m[38;5;241m*[39mkw)
[0;32m    352[0m [38;5;28;01mreturn[39;00m seg, kw

File [1;32m~\AppData\Local\Packages\PythonSoftwareFoundation.Python.3.9_qbz5n2kfra8p0\LocalCache\local-packages\Python39\site-packages\matplotlib\_api\deprecation.py:454[0m, in [0;36mmake_keyword_only.<locals>.wrapper[1;34m(*args, **kwargs)[0m
[0;32m    448[0m [38;5;28;01mif[39;00m [38;5;28mlen[39m(args) [38;5;241m>[39m name_idx:
[0;32m    449[0m     warn_deprecated(
[0;32m    450[0m         since, message[38;5;241m=[39m[38;5;124m"[39m[38;5;124mPassing the [39m[38;5;132;01m%(name)s[39;00m[38;5;124m [39m[38;5;132;01m%(obj_type)s[39;00m[38;5;124m [39m[38;5;124m"[39m
[0;32m    451[0m         [38;5;124m"[39m[38;5;124mpositionally is deprecated since Matplotlib [39m[38;5;132;01m%(since)s[39;00m[38;5;124m; the [39m[38;5;124m"[39m
[0;32m    452[0m         [38;5;124m"[39m[38;5;124mparameter will become keyword-only [39m[38;5;132;01m%(removal)s[39;00m[38;5;124m.[39m[38;5;124m"[39m,
[0;32m    453[0m         name[38;5;241m=[39mname, obj_type[38;5;241m=[39m[38;5;124mf[39m[38;5;124m"[39m[38;5;124mparameter of [39m[38;5;132;01m{[39;00mfunc[38;5;241m.[39m[38;5;18m__name__[39m[38;5;132;01m}[39;00m[38;5;124m()[39m[38;5;124m"[39m)
[1;32m--> 454[0m [38;5;28;01mreturn[39;00m func([38;5;241m*[39margs, [38;5;241m*[39m[38;5;241m*[39mkwargs)

File [1;32m~\AppData\Local\Packages\PythonSoftwareFoundation.Python.3.9_qbz5n2kfra8p0\LocalCache\local-packages\Python39\site-packages\matplotlib\lines.py:393[0m, in [0;36mLine2D.__init__[1;34m(self, xdata, ydata, linewidth, linestyle, color, gapcolor, marker, markersize, markeredgewidth, markeredgecolor, markerfacecolor, markerfacecoloralt, fillstyle, antialiased, dash_capstyle, solid_capstyle, dash_joinstyle, solid_joinstyle, pickradius, drawstyle, markevery, **kwargs)[0m
[0;32m    389[0m [38;5;28mself[39m[38;5;241m.[39mset_markeredgewidth(markeredgewidth)
[0;32m    391[0m [38;5;66;03m# update kwargs before updating data to give the caller a[39;00m
[0;32m    392[0m [38;5;66;03m# chance to init axes (and hence unit support)[39;00m
[1;32m--> 393[0m [38;5;28;43mself[39;49m[38;5;241;43m.[39;49m[43m_internal_update[49m[43m([49m[43mkwargs[49m[43m)[49m
[0;32m    394[0m [38;5;28mself[39m[38;5;241m.[39m_pickradius [38;5;241m=[39m pickradius
[0;32m    395[0m [38;5;28mself[39m[38;5;241m.[39mind_offset [38;5;241m=[39m [38;5;241m0[39m

File [1;32m~\AppData\Local\Packages\PythonSoftwareFoundation.Python.3.9_qbz5n2kfra8p0\LocalCache\local-packages\Python39\site-packages\matplotlib\artist.py:1186[0m, in [0;36mArtist._internal_update[1;34m(self, kwargs)[0m
[0;32m   1179[0m [38;5;28;01mdef[39;00m [38;5;21m_internal_update[39m([38;5;28mself[39m, kwargs):
[0;32m   1180[0m     [38;5;124;03m"""[39;00m
[0;32m   1181[0m [38;5;124;03m    Update artist properties without prenormalizing them, but generating[39;00m
[0;32m   1182[0m [38;5;124;03m    errors as if calling `set`.[39;00m
[0;32m   1183[0m 
[0;32m   1184[0m [38;5;124;03m    The lack of prenormalization is to maintain backcompatibility.[39;00m
[0;32m   1185[0m [38;5;124;03m    """[39;00m
[1;32m-> 1186[0m     [38;5;28;01mreturn[39;00m [38;5;28;43mself[39;49m[38;5;241;43m.[39;49m[43m_update_props[49m[43m([49m
[0;32m   1187[0m [43m        [49m[43mkwargs[49m[43m,[49m[43m [49m[38;5;124;43m"[39;49m[38;5;132;43;01m{cls.__name__}[39;49;00m[38;5;124;43m.set() got an unexpected keyword argument [39;49m[38;5;124;43m"[39;49m
[0;32m   1188[0m [43m        [49m[38;5;124;43m"[39;49m[38;5;132;43;01m{prop_name!r}[39;49;00m[38;5;124;43m"[39;49m[43m)[49m

File [1;32m~\AppData\Local\Packages\PythonSoftwareFoundation.Python.3.9_qbz5n2kfra8p0\LocalCache\local-packages\Python39\site-packages\matplotlib\artist.py:1160[0m, in [0;36mArtist._update_props[1;34m(self, props, errfmt)[0m
[0;32m   1158[0m             func [38;5;241m=[39m [38;5;28mgetattr[39m([38;5;28mself[39m, [38;5;124mf[39m[38;5;124m"[39m[38;5;124mset_[39m[38;5;132;01m{[39;00mk[38;5;132;01m}[39;00m[38;5;124m"[39m, [38;5;28;01mNone[39;00m)
[0;32m   1159[0m             [38;5;28;01mif[39;00m [38;5;129;01mnot[39;00m callable(func):
[1;32m-> 1160[0m                 [38;5;28;01mraise[39;00m [38;5;167;01mAttributeError[39;00m(
[0;32m   1161[0m                     errfmt[38;5;241m.[39mformat([38;5;28mcls[39m[38;5;241m=[39m[38;5;28mtype[39m([38;5;28mself[39m), prop_name[38;5;241m=[39mk))
[0;32m   1162[0m             ret[38;5;241m.[39mappend(func(v))
[0;32m   1163[0m [38;5;28;01mif[39;00m ret:

[1;31mAttributeError[0m: Line2D.set() got an unexpected keyword argument 'fontsize'
AttributeError: Line2D.set() got an unexpected keyword argument 'fontsize'

